[0.009s] Invoking command in '/home/el-system/ros2_teleop/build/drone_teleop': CMAKE_PREFIX_PATH=/opt/ros/foxy /usr/bin/cmake --build /home/el-system/ros2_teleop/build/drone_teleop -- -j12 -l12
[0.043s] [35m[1mScanning dependencies of target teleop_keyboard[0m
[0.061s] [ 50%] [32mBuilding CXX object CMakeFiles/teleop_keyboard.dir/src/teleop_keyboard.cpp.o[0m
[0.086s] [100%] [32m[1mLinking CXX executable teleop_keyboard[0m
[0.356s] [100%] Built target teleop_keyboard
[0.370s] Invoked command in '/home/el-system/ros2_teleop/build/drone_teleop' returned '0': CMAKE_PREFIX_PATH=/opt/ros/foxy /usr/bin/cmake --build /home/el-system/ros2_teleop/build/drone_teleop -- -j12 -l12
[0.383s] Invoking command in '/home/el-system/ros2_teleop/build/drone_teleop': CMAKE_PREFIX_PATH=/opt/ros/foxy /usr/bin/cmake --install /home/el-system/ros2_teleop/build/drone_teleop
[0.390s] -- Install configuration: ""
[0.390s] -- Installing: /home/el-system/ros2_teleop/install/drone_teleop/lib/drone_teleop/teleop_keyboard
[0.392s] -- Set runtime path of "/home/el-system/ros2_teleop/install/drone_teleop/lib/drone_teleop/teleop_keyboard" to ""
[0.392s] -- Up-to-date: /home/el-system/ros2_teleop/install/drone_teleop/share/ament_index/resource_index/package_run_dependencies/drone_teleop
[0.392s] -- Up-to-date: /home/el-system/ros2_teleop/install/drone_teleop/share/ament_index/resource_index/parent_prefix_path/drone_teleop
[0.392s] -- Up-to-date: /home/el-system/ros2_teleop/install/drone_teleop/share/drone_teleop/environment/ament_prefix_path.sh
[0.392s] -- Up-to-date: /home/el-system/ros2_teleop/install/drone_teleop/share/drone_teleop/environment/ament_prefix_path.dsv
[0.392s] -- Up-to-date: /home/el-system/ros2_teleop/install/drone_teleop/share/drone_teleop/environment/path.sh
[0.392s] -- Up-to-date: /home/el-system/ros2_teleop/install/drone_teleop/share/drone_teleop/environment/path.dsv
[0.392s] -- Up-to-date: /home/el-system/ros2_teleop/install/drone_teleop/share/drone_teleop/local_setup.bash
[0.392s] -- Up-to-date: /home/el-system/ros2_teleop/install/drone_teleop/share/drone_teleop/local_setup.sh
[0.392s] -- Up-to-date: /home/el-system/ros2_teleop/install/drone_teleop/share/drone_teleop/local_setup.zsh
[0.392s] -- Up-to-date: /home/el-system/ros2_teleop/install/drone_teleop/share/drone_teleop/local_setup.dsv
[0.392s] -- Installing: /home/el-system/ros2_teleop/install/drone_teleop/share/drone_teleop/package.dsv
[0.392s] -- Up-to-date: /home/el-system/ros2_teleop/install/drone_teleop/share/ament_index/resource_index/packages/drone_teleop
[0.392s] -- Up-to-date: /home/el-system/ros2_teleop/install/drone_teleop/share/drone_teleop/cmake/drone_teleopConfig.cmake
[0.392s] -- Up-to-date: /home/el-system/ros2_teleop/install/drone_teleop/share/drone_teleop/cmake/drone_teleopConfig-version.cmake
[0.392s] -- Up-to-date: /home/el-system/ros2_teleop/install/drone_teleop/share/drone_teleop/package.xml
[0.394s] Invoked command in '/home/el-system/ros2_teleop/build/drone_teleop' returned '0': CMAKE_PREFIX_PATH=/opt/ros/foxy /usr/bin/cmake --install /home/el-system/ros2_teleop/build/drone_teleop
