[0.143s] DEBUG:colcon:Command line arguments: ['/usr/bin/colcon', 'build']
[0.143s] DEBUG:colcon:Parsed command line arguments: Namespace(allow_overriding=[], ament_cmake_args=None, base_paths=['.'], build_base='build', catkin_cmake_args=None, catkin_skip_building_tests=False, cmake_args=None, cmake_clean_cache=False, cmake_clean_first=False, cmake_force_configure=False, cmake_target=None, cmake_target_skip_unavailable=False, continue_on_error=False, event_handlers=None, executor='parallel', ignore_user_meta=False, install_base='install', log_base=None, log_level=None, main=<bound method BuildVerb.main of <colcon_core.verb.build.BuildVerb object at 0x7fbe096a4a00>>, merge_install=False, metas=['./colcon.meta'], mixin=None, mixin_files=None, mixin_verb=('build',), packages_above=None, packages_above_and_dependencies=None, packages_above_depth=None, packages_end=None, packages_ignore=None, packages_ignore_regex=None, packages_select=None, packages_select_build_failed=False, packages_select_by_dep=None, packages_select_regex=None, packages_select_test_failures=False, packages_skip=None, packages_skip_build_finished=False, packages_skip_by_dep=None, packages_skip_regex=None, packages_skip_test_passed=False, packages_skip_up_to=None, packages_start=None, packages_up_to=None, packages_up_to_regex=None, parallel_workers=12, paths=None, symlink_install=False, test_result_base=None, verb_extension=<colcon_core.verb.build.BuildVerb object at 0x7fbe096a4a00>, verb_name='build', verb_parser=<colcon_mixin.mixin.mixin_argument.MixinArgumentDecorator object at 0x7fbe096050a0>)
[0.175s] Level 1:colcon.colcon_core.package_discovery:discover_packages(colcon_meta) check parameters
[0.175s] Level 1:colcon.colcon_core.package_discovery:discover_packages(recursive) check parameters
[0.175s] Level 1:colcon.colcon_core.package_discovery:discover_packages(ignore) check parameters
[0.175s] Level 1:colcon.colcon_core.package_discovery:discover_packages(path) check parameters
[0.175s] Level 1:colcon.colcon_core.package_discovery:discover_packages(colcon_meta) discover
[0.175s] Level 1:colcon.colcon_core.package_discovery:discover_packages(recursive) discover
[0.175s] INFO:colcon.colcon_core.package_discovery:Crawling recursively for packages in '/home/el-system/ros2_teleop'
[0.175s] Level 1:colcon.colcon_core.package_identification:_identify(.) by extensions ['ignore', 'ignore_ament_install']
[0.175s] Level 1:colcon.colcon_core.package_identification:_identify(.) by extension 'ignore'
[0.175s] Level 1:colcon.colcon_core.package_identification:_identify(.) by extension 'ignore_ament_install'
[0.175s] Level 1:colcon.colcon_core.package_identification:_identify(.) by extensions ['colcon_pkg']
[0.175s] Level 1:colcon.colcon_core.package_identification:_identify(.) by extension 'colcon_pkg'
[0.175s] Level 1:colcon.colcon_core.package_identification:_identify(.) by extensions ['colcon_meta']
[0.175s] Level 1:colcon.colcon_core.package_identification:_identify(.) by extension 'colcon_meta'
[0.175s] Level 1:colcon.colcon_core.package_identification:_identify(.) by extensions ['ros']
[0.175s] Level 1:colcon.colcon_core.package_identification:_identify(.) by extension 'ros'
[0.185s] Level 1:colcon.colcon_core.package_identification:_identify(.) by extensions ['cmake', 'python']
[0.185s] Level 1:colcon.colcon_core.package_identification:_identify(.) by extension 'cmake'
[0.185s] Level 1:colcon.colcon_core.package_identification:_identify(.) by extension 'python'
[0.186s] Level 1:colcon.colcon_core.package_identification:_identify(.) by extensions ['python_setup_py']
[0.186s] Level 1:colcon.colcon_core.package_identification:_identify(.) by extension 'python_setup_py'
[0.186s] Level 1:colcon.colcon_core.package_identification:_identify(build) by extensions ['ignore', 'ignore_ament_install']
[0.186s] Level 1:colcon.colcon_core.package_identification:_identify(build) by extension 'ignore'
[0.186s] Level 1:colcon.colcon_core.package_identification:_identify(build) ignored
[0.186s] Level 1:colcon.colcon_core.package_identification:_identify(install) by extensions ['ignore', 'ignore_ament_install']
[0.186s] Level 1:colcon.colcon_core.package_identification:_identify(install) by extension 'ignore'
[0.186s] Level 1:colcon.colcon_core.package_identification:_identify(install) ignored
[0.186s] Level 1:colcon.colcon_core.package_identification:_identify(log) by extensions ['ignore', 'ignore_ament_install']
[0.186s] Level 1:colcon.colcon_core.package_identification:_identify(log) by extension 'ignore'
[0.186s] Level 1:colcon.colcon_core.package_identification:_identify(log) ignored
[0.186s] Level 1:colcon.colcon_core.package_identification:_identify(src) by extensions ['ignore', 'ignore_ament_install']
[0.186s] Level 1:colcon.colcon_core.package_identification:_identify(src) by extension 'ignore'
[0.186s] Level 1:colcon.colcon_core.package_identification:_identify(src) by extension 'ignore_ament_install'
[0.186s] Level 1:colcon.colcon_core.package_identification:_identify(src) by extensions ['colcon_pkg']
[0.186s] Level 1:colcon.colcon_core.package_identification:_identify(src) by extension 'colcon_pkg'
[0.186s] Level 1:colcon.colcon_core.package_identification:_identify(src) by extensions ['colcon_meta']
[0.186s] Level 1:colcon.colcon_core.package_identification:_identify(src) by extension 'colcon_meta'
[0.186s] Level 1:colcon.colcon_core.package_identification:_identify(src) by extensions ['ros']
[0.186s] Level 1:colcon.colcon_core.package_identification:_identify(src) by extension 'ros'
[0.186s] Level 1:colcon.colcon_core.package_identification:_identify(src) by extensions ['cmake', 'python']
[0.186s] Level 1:colcon.colcon_core.package_identification:_identify(src) by extension 'cmake'
[0.186s] Level 1:colcon.colcon_core.package_identification:_identify(src) by extension 'python'
[0.186s] Level 1:colcon.colcon_core.package_identification:_identify(src) by extensions ['python_setup_py']
[0.186s] Level 1:colcon.colcon_core.package_identification:_identify(src) by extension 'python_setup_py'
[0.186s] Level 1:colcon.colcon_core.package_identification:_identify(src/drone_teleop) by extensions ['ignore', 'ignore_ament_install']
[0.186s] Level 1:colcon.colcon_core.package_identification:_identify(src/drone_teleop) by extension 'ignore'
[0.186s] Level 1:colcon.colcon_core.package_identification:_identify(src/drone_teleop) by extension 'ignore_ament_install'
[0.187s] Level 1:colcon.colcon_core.package_identification:_identify(src/drone_teleop) by extensions ['colcon_pkg']
[0.187s] Level 1:colcon.colcon_core.package_identification:_identify(src/drone_teleop) by extension 'colcon_pkg'
[0.187s] Level 1:colcon.colcon_core.package_identification:_identify(src/drone_teleop) by extensions ['colcon_meta']
[0.187s] Level 1:colcon.colcon_core.package_identification:_identify(src/drone_teleop) by extension 'colcon_meta'
[0.187s] Level 1:colcon.colcon_core.package_identification:_identify(src/drone_teleop) by extensions ['ros']
[0.187s] Level 1:colcon.colcon_core.package_identification:_identify(src/drone_teleop) by extension 'ros'
[0.188s] DEBUG:colcon.colcon_core.package_identification:Package 'src/drone_teleop' with type 'ros.ament_cmake' and name 'drone_teleop'
[0.188s] Level 1:colcon.colcon_core.package_discovery:discover_packages(recursive) using defaults
[0.188s] Level 1:colcon.colcon_core.package_discovery:discover_packages(ignore) discover
[0.189s] Level 1:colcon.colcon_core.package_discovery:discover_packages(ignore) using defaults
[0.189s] Level 1:colcon.colcon_core.package_discovery:discover_packages(path) discover
[0.189s] Level 1:colcon.colcon_core.package_discovery:discover_packages(path) using defaults
[0.201s] Level 1:colcon.colcon_core.package_discovery:discover_packages(prefix_path) check parameters
[0.201s] Level 1:colcon.colcon_core.package_discovery:discover_packages(prefix_path) discover
[0.202s] DEBUG:colcon.colcon_installed_package_information.package_discovery:Found 1 installed packages in /home/el-system/ros2_teleop/install
[0.203s] DEBUG:colcon.colcon_installed_package_information.package_discovery:Found 1 installed packages in /home/el-system/teleop/install
[0.203s] DEBUG:colcon.colcon_installed_package_information.package_discovery:Found 270 installed packages in /opt/ros/foxy
[0.204s] Level 1:colcon.colcon_core.package_discovery:discover_packages(prefix_path) using defaults
[0.230s] Level 5:colcon.colcon_core.verb:set package 'drone_teleop' build argument 'cmake_args' from command line to 'None'
[0.230s] Level 5:colcon.colcon_core.verb:set package 'drone_teleop' build argument 'cmake_target' from command line to 'None'
[0.230s] Level 5:colcon.colcon_core.verb:set package 'drone_teleop' build argument 'cmake_target_skip_unavailable' from command line to 'False'
[0.231s] Level 5:colcon.colcon_core.verb:set package 'drone_teleop' build argument 'cmake_clean_cache' from command line to 'False'
[0.231s] Level 5:colcon.colcon_core.verb:set package 'drone_teleop' build argument 'cmake_clean_first' from command line to 'False'
[0.231s] Level 5:colcon.colcon_core.verb:set package 'drone_teleop' build argument 'cmake_force_configure' from command line to 'False'
[0.231s] Level 5:colcon.colcon_core.verb:set package 'drone_teleop' build argument 'ament_cmake_args' from command line to 'None'
[0.231s] Level 5:colcon.colcon_core.verb:set package 'drone_teleop' build argument 'catkin_cmake_args' from command line to 'None'
[0.231s] Level 5:colcon.colcon_core.verb:set package 'drone_teleop' build argument 'catkin_skip_building_tests' from command line to 'False'
[0.231s] DEBUG:colcon.colcon_core.verb:Building package 'drone_teleop' with the following arguments: {'ament_cmake_args': None, 'build_base': '/home/el-system/ros2_teleop/build/drone_teleop', 'catkin_cmake_args': None, 'catkin_skip_building_tests': False, 'cmake_args': None, 'cmake_clean_cache': False, 'cmake_clean_first': False, 'cmake_force_configure': False, 'cmake_target': None, 'cmake_target_skip_unavailable': False, 'install_base': '/home/el-system/ros2_teleop/install/drone_teleop', 'merge_install': False, 'path': '/home/el-system/ros2_teleop/src/drone_teleop', 'symlink_install': False, 'test_result_base': None}
[0.231s] INFO:colcon.colcon_core.executor:Executing jobs using 'parallel' executor
[0.231s] DEBUG:colcon.colcon_parallel_executor.executor.parallel:run_until_complete
[0.232s] INFO:colcon.colcon_ros.task.ament_cmake.build:Building ROS package in '/home/el-system/ros2_teleop/src/drone_teleop' with build type 'ament_cmake'
[0.232s] INFO:colcon.colcon_cmake.task.cmake.build:Building CMake package in '/home/el-system/ros2_teleop/src/drone_teleop'
[0.233s] INFO:colcon.colcon_core.plugin_system:Skipping extension 'colcon_core.shell.bat': Not used on non-Windows systems
[0.233s] INFO:colcon.colcon_core.shell:Skip shell extension 'powershell' for command environment: Not usable outside of PowerShell
[0.233s] DEBUG:colcon.colcon_core.shell:Skip shell extension 'dsv' for command environment
[0.234s] DEBUG:colcon.colcon_core.shell:Ignoring prefix path '/opt/ros/noetic'
[0.243s] DEBUG:colcon.colcon_core.event_handler.log_command:Invoking command in '/home/el-system/ros2_teleop/build/drone_teleop': CMAKE_PREFIX_PATH=/opt/ros/foxy:${CMAKE_PREFIX_PATH} /usr/bin/cmake --build /home/el-system/ros2_teleop/build/drone_teleop -- -j12 -l12
[1.101s] DEBUG:colcon.colcon_core.event_handler.log_command:Invoked command in '/home/el-system/ros2_teleop/build/drone_teleop' returned '0': CMAKE_PREFIX_PATH=/opt/ros/foxy:${CMAKE_PREFIX_PATH} /usr/bin/cmake --build /home/el-system/ros2_teleop/build/drone_teleop -- -j12 -l12
[1.109s] DEBUG:colcon.colcon_core.event_handler.log_command:Invoking command in '/home/el-system/ros2_teleop/build/drone_teleop': CMAKE_PREFIX_PATH=/opt/ros/foxy:${CMAKE_PREFIX_PATH} /usr/bin/cmake --install /home/el-system/ros2_teleop/build/drone_teleop
[1.115s] Level 1:colcon.colcon_core.environment:create_environment_scripts_only(drone_teleop)
[1.115s] DEBUG:colcon.colcon_core.event_handler.log_command:Invoked command in '/home/el-system/ros2_teleop/build/drone_teleop' returned '0': CMAKE_PREFIX_PATH=/opt/ros/foxy:${CMAKE_PREFIX_PATH} /usr/bin/cmake --install /home/el-system/ros2_teleop/build/drone_teleop
[1.125s] Level 1:colcon.colcon_core.environment:checking '/home/el-system/ros2_teleop/install/drone_teleop' for CMake module files
[1.125s] Level 1:colcon.colcon_core.environment:checking '/home/el-system/ros2_teleop/install/drone_teleop' for CMake config files
[1.125s] Level 1:colcon.colcon_core.shell:create_environment_hook('drone_teleop', 'cmake_prefix_path')
[1.125s] INFO:colcon.colcon_core.shell:Creating environment hook '/home/el-system/ros2_teleop/install/drone_teleop/share/drone_teleop/hook/cmake_prefix_path.ps1'
[1.126s] INFO:colcon.colcon_core.shell:Creating environment descriptor '/home/el-system/ros2_teleop/install/drone_teleop/share/drone_teleop/hook/cmake_prefix_path.dsv'
[1.126s] INFO:colcon.colcon_core.shell:Creating environment hook '/home/el-system/ros2_teleop/install/drone_teleop/share/drone_teleop/hook/cmake_prefix_path.sh'
[1.127s] Level 1:colcon.colcon_core.environment:checking '/home/el-system/ros2_teleop/install/drone_teleop/lib'
[1.127s] Level 1:colcon.colcon_core.environment:checking '/home/el-system/ros2_teleop/install/drone_teleop/bin'
[1.127s] Level 1:colcon.colcon_core.environment:checking '/home/el-system/ros2_teleop/install/drone_teleop/lib/pkgconfig/drone_teleop.pc'
[1.127s] Level 1:colcon.colcon_core.environment:checking '/home/el-system/ros2_teleop/install/drone_teleop/lib/python3.8/site-packages'
[1.127s] Level 1:colcon.colcon_core.environment:checking '/home/el-system/ros2_teleop/install/drone_teleop/bin'
[1.127s] INFO:colcon.colcon_core.shell:Creating package script '/home/el-system/ros2_teleop/install/drone_teleop/share/drone_teleop/package.ps1'
[1.128s] INFO:colcon.colcon_core.shell:Creating package descriptor '/home/el-system/ros2_teleop/install/drone_teleop/share/drone_teleop/package.dsv'
[1.128s] INFO:colcon.colcon_core.shell:Creating package script '/home/el-system/ros2_teleop/install/drone_teleop/share/drone_teleop/package.sh'
[1.129s] INFO:colcon.colcon_core.shell:Creating package script '/home/el-system/ros2_teleop/install/drone_teleop/share/drone_teleop/package.bash'
[1.129s] INFO:colcon.colcon_core.shell:Creating package script '/home/el-system/ros2_teleop/install/drone_teleop/share/drone_teleop/package.zsh'
[1.129s] Level 1:colcon.colcon_core.environment:create_file_with_runtime_dependencies(/home/el-system/ros2_teleop/install/drone_teleop/share/colcon-core/packages/drone_teleop)
[1.130s] Level 1:colcon.colcon_core.environment:create_environment_scripts_only(drone_teleop)
[1.130s] Level 1:colcon.colcon_core.environment:checking '/home/el-system/ros2_teleop/install/drone_teleop' for CMake module files
[1.130s] Level 1:colcon.colcon_core.environment:checking '/home/el-system/ros2_teleop/install/drone_teleop' for CMake config files
[1.130s] Level 1:colcon.colcon_core.shell:create_environment_hook('drone_teleop', 'cmake_prefix_path')
[1.130s] INFO:colcon.colcon_core.shell:Creating environment hook '/home/el-system/ros2_teleop/install/drone_teleop/share/drone_teleop/hook/cmake_prefix_path.ps1'
[1.130s] INFO:colcon.colcon_core.shell:Creating environment descriptor '/home/el-system/ros2_teleop/install/drone_teleop/share/drone_teleop/hook/cmake_prefix_path.dsv'
[1.131s] INFO:colcon.colcon_core.shell:Creating environment hook '/home/el-system/ros2_teleop/install/drone_teleop/share/drone_teleop/hook/cmake_prefix_path.sh'
[1.131s] Level 1:colcon.colcon_core.environment:checking '/home/el-system/ros2_teleop/install/drone_teleop/lib'
[1.131s] Level 1:colcon.colcon_core.environment:checking '/home/el-system/ros2_teleop/install/drone_teleop/bin'
[1.131s] Level 1:colcon.colcon_core.environment:checking '/home/el-system/ros2_teleop/install/drone_teleop/lib/pkgconfig/drone_teleop.pc'
[1.131s] Level 1:colcon.colcon_core.environment:checking '/home/el-system/ros2_teleop/install/drone_teleop/lib/python3.8/site-packages'
[1.131s] Level 1:colcon.colcon_core.environment:checking '/home/el-system/ros2_teleop/install/drone_teleop/bin'
[1.131s] INFO:colcon.colcon_core.shell:Creating package script '/home/el-system/ros2_teleop/install/drone_teleop/share/drone_teleop/package.ps1'
[1.132s] INFO:colcon.colcon_core.shell:Creating package descriptor '/home/el-system/ros2_teleop/install/drone_teleop/share/drone_teleop/package.dsv'
[1.132s] INFO:colcon.colcon_core.shell:Creating package script '/home/el-system/ros2_teleop/install/drone_teleop/share/drone_teleop/package.sh'
[1.132s] INFO:colcon.colcon_core.shell:Creating package script '/home/el-system/ros2_teleop/install/drone_teleop/share/drone_teleop/package.bash'
[1.132s] INFO:colcon.colcon_core.shell:Creating package script '/home/el-system/ros2_teleop/install/drone_teleop/share/drone_teleop/package.zsh'
[1.133s] Level 1:colcon.colcon_core.environment:create_file_with_runtime_dependencies(/home/el-system/ros2_teleop/install/drone_teleop/share/colcon-core/packages/drone_teleop)
[1.133s] DEBUG:colcon.colcon_parallel_executor.executor.parallel:closing loop
[1.133s] DEBUG:colcon.colcon_parallel_executor.executor.parallel:loop closed
[1.133s] DEBUG:colcon.colcon_parallel_executor.executor.parallel:run_until_complete finished with '0'
[1.133s] DEBUG:colcon.colcon_core.event_reactor:joining thread
[1.138s] INFO:colcon.colcon_core.plugin_system:Skipping extension 'colcon_notification.desktop_notification.terminal_notifier': Not used on non-Darwin systems
[1.138s] INFO:colcon.colcon_core.plugin_system:Skipping extension 'colcon_notification.desktop_notification.win32': Not used on non-Windows systems
[1.138s] INFO:colcon.colcon_notification.desktop_notification:Sending desktop notification using 'notify2'
[1.153s] DEBUG:colcon.colcon_core.event_reactor:joined thread
[1.154s] INFO:colcon.colcon_core.shell:Creating prefix script '/home/el-system/ros2_teleop/install/local_setup.ps1'
[1.155s] INFO:colcon.colcon_core.shell:Creating prefix util module '/home/el-system/ros2_teleop/install/_local_setup_util_ps1.py'
[1.157s] INFO:colcon.colcon_core.shell:Creating prefix chain script '/home/el-system/ros2_teleop/install/setup.ps1'
[1.158s] INFO:colcon.colcon_core.shell:Creating prefix script '/home/el-system/ros2_teleop/install/local_setup.sh'
[1.159s] INFO:colcon.colcon_core.shell:Creating prefix util module '/home/el-system/ros2_teleop/install/_local_setup_util_sh.py'
[1.159s] INFO:colcon.colcon_core.shell:Creating prefix chain script '/home/el-system/ros2_teleop/install/setup.sh'
[1.160s] INFO:colcon.colcon_core.shell:Creating prefix script '/home/el-system/ros2_teleop/install/local_setup.bash'
[1.160s] INFO:colcon.colcon_core.shell:Creating prefix chain script '/home/el-system/ros2_teleop/install/setup.bash'
[1.161s] INFO:colcon.colcon_core.shell:Creating prefix script '/home/el-system/ros2_teleop/install/local_setup.zsh'
[1.162s] INFO:colcon.colcon_core.shell:Creating prefix chain script '/home/el-system/ros2_teleop/install/setup.zsh'
