[0.009s] Invoking command in '/home/el-system/ros2_teleop/build/drone_teleop': CMAKE_PREFIX_PATH=/opt/ros/foxy:${CMAKE_PREFIX_PATH} /usr/bin/cmake --build /home/el-system/ros2_teleop/build/drone_teleop -- -j12 -l12
[0.048s] [ 50%] Built target teleop_sequencer_node
[0.053s] [100%] Built target teleop_keyboard
[0.060s] Invoked command in '/home/el-system/ros2_teleop/build/drone_teleop' returned '0': CMAKE_PREFIX_PATH=/opt/ros/foxy:${CMAKE_PREFIX_PATH} /usr/bin/cmake --build /home/el-system/ros2_teleop/build/drone_teleop -- -j12 -l12
[0.069s] Invoking command in '/home/el-system/ros2_teleop/build/drone_teleop': CMAKE_PREFIX_PATH=/opt/ros/foxy:${CMAKE_PREFIX_PATH} /usr/bin/cmake --install /home/el-system/ros2_teleop/build/drone_teleop
[0.074s] -- Install configuration: ""
[0.074s] -- Up-to-date: /home/el-system/ros2_teleop/install/drone_teleop/share/drone_teleop/launch
[0.074s] -- Up-to-date: /home/el-system/ros2_teleop/install/drone_teleop/share/drone_teleop/launch/pattern_launch.py
[0.074s] -- Up-to-date: /home/el-system/ros2_teleop/install/drone_teleop/lib/drone_teleop/teleop_keyboard
[0.074s] -- Up-to-date: /home/el-system/ros2_teleop/install/drone_teleop/lib/drone_teleop/teleop_sequencer_node
[0.074s] -- Up-to-date: /home/el-system/ros2_teleop/install/drone_teleop/share/ament_index/resource_index/package_run_dependencies/drone_teleop
[0.074s] -- Up-to-date: /home/el-system/ros2_teleop/install/drone_teleop/share/ament_index/resource_index/parent_prefix_path/drone_teleop
[0.074s] -- Up-to-date: /home/el-system/ros2_teleop/install/drone_teleop/share/drone_teleop/environment/ament_prefix_path.sh
[0.075s] -- Up-to-date: /home/el-system/ros2_teleop/install/drone_teleop/share/drone_teleop/environment/ament_prefix_path.dsv
[0.075s] -- Up-to-date: /home/el-system/ros2_teleop/install/drone_teleop/share/drone_teleop/environment/path.sh
[0.075s] -- Up-to-date: /home/el-system/ros2_teleop/install/drone_teleop/share/drone_teleop/environment/path.dsv
[0.075s] -- Up-to-date: /home/el-system/ros2_teleop/install/drone_teleop/share/drone_teleop/local_setup.bash
[0.075s] -- Up-to-date: /home/el-system/ros2_teleop/install/drone_teleop/share/drone_teleop/local_setup.sh
[0.075s] -- Up-to-date: /home/el-system/ros2_teleop/install/drone_teleop/share/drone_teleop/local_setup.zsh
[0.075s] -- Up-to-date: /home/el-system/ros2_teleop/install/drone_teleop/share/drone_teleop/local_setup.dsv
[0.075s] -- Up-to-date: /home/el-system/ros2_teleop/install/drone_teleop/share/drone_teleop/package.dsv
[0.075s] -- Up-to-date: /home/el-system/ros2_teleop/install/drone_teleop/share/ament_index/resource_index/packages/drone_teleop
[0.075s] -- Up-to-date: /home/el-system/ros2_teleop/install/drone_teleop/share/drone_teleop/cmake/drone_teleopConfig.cmake
[0.075s] -- Up-to-date: /home/el-system/ros2_teleop/install/drone_teleop/share/drone_teleop/cmake/drone_teleopConfig-version.cmake
[0.075s] -- Up-to-date: /home/el-system/ros2_teleop/install/drone_teleop/share/drone_teleop/package.xml
[0.076s] Invoked command in '/home/el-system/ros2_teleop/build/drone_teleop' returned '0': CMAKE_PREFIX_PATH=/opt/ros/foxy:${CMAKE_PREFIX_PATH} /usr/bin/cmake --install /home/el-system/ros2_teleop/build/drone_teleop
