[0.009s] Invoking command in '/home/el-system/ros2_teleop/build/drone_teleop': CMAKE_PREFIX_PATH=${CMAKE_PREFIX_PATH}:/opt/ros/foxy /usr/bin/cmake --build /home/el-system/ros2_teleop/build/drone_teleop -- -j12 -l12
[0.030s] -- Found ament_cmake: 0.9.12 (/opt/ros/foxy/share/ament_cmake/cmake)
[0.048s] -- Using PYTHON_EXECUTABLE: /usr/bin/python3
[0.170s] -- Found rclcpp: 2.4.3 (/opt/ros/foxy/share/rclcpp/cmake)
[0.200s] -- Using all available rosidl_typesupport_c: rosidl_typesupport_fastrtps_c;rosidl_typesupport_introspection_c
[0.202s] -- Found rosidl_adapter: 1.3.1 (/opt/ros/foxy/share/rosidl_adapter/cmake)
[0.291s] -- Using all available rosidl_typesupport_cpp: rosidl_typesupport_fastrtps_cpp;rosidl_typesupport_introspection_cpp
[0.328s] -- Found rmw_implementation_cmake: 1.0.4 (/opt/ros/foxy/share/rmw_implementation_cmake/cmake)
[0.329s] -- Using RMW implementation 'rmw_fastrtps_cpp' as default
[0.430s] -- Found geometry_msgs: 2.0.5 (/opt/ros/foxy/share/geometry_msgs/cmake)
[0.453s] -- Found mavros_msgs: 2.4.0 (/opt/ros/foxy/share/mavros_msgs/cmake)
[0.793s] -- Found ament_lint_auto: 0.9.8 (/opt/ros/foxy/share/ament_lint_auto/cmake)
[0.842s] -- Added test 'copyright' to check source files copyright and LICENSE
[0.843s] -- Added test 'cppcheck' to perform static code analysis on C / C++ code
[0.843s] -- Configured cppcheck include dirs: 
[0.843s] -- Configured cppcheck exclude dirs and/or files: 
[0.843s] -- Added test 'cpplint' to check C / C++ code against the Google style
[0.844s] -- Configured cpplint exclude dirs and/or files: 
[0.844s] -- Added test 'flake8' to check Python code syntax and style conventions
[0.844s] -- Added test 'lint_cmake' to check CMake code style
[0.845s] -- Added test 'pep257' to check Python code against some of the style conventions in PEP 257
[0.846s] -- Added test 'uncrustify' to check C / C++ code style
[0.846s] -- Configured uncrustify additional arguments: 
[0.846s] -- Added test 'xmllint' to check XML markup files
[0.849s] -- Configuring done
[0.858s] -- Generating done
[0.861s] -- Build files have been written to: /home/el-system/ros2_teleop/build/drone_teleop
[0.879s] [35m[1mScanning dependencies of target teleop_keyboard[0m
[0.896s] [ 50%] [32mBuilding CXX object CMakeFiles/teleop_keyboard.dir/src/teleop_keyboard.cpp.o[0m
[0.915s] [100%] [32m[1mLinking CXX executable teleop_keyboard[0m
[1.144s] [100%] Built target teleop_keyboard
[1.155s] Invoked command in '/home/el-system/ros2_teleop/build/drone_teleop' returned '0': CMAKE_PREFIX_PATH=${CMAKE_PREFIX_PATH}:/opt/ros/foxy /usr/bin/cmake --build /home/el-system/ros2_teleop/build/drone_teleop -- -j12 -l12
[1.168s] Invoking command in '/home/el-system/ros2_teleop/build/drone_teleop': CMAKE_PREFIX_PATH=${CMAKE_PREFIX_PATH}:/opt/ros/foxy /usr/bin/cmake --install /home/el-system/ros2_teleop/build/drone_teleop
[1.174s] -- Install configuration: ""
[1.174s] -- Installing: /home/el-system/ros2_teleop/install/drone_teleop/share/drone_teleop/launch
[1.174s] -- Installing: /home/el-system/ros2_teleop/install/drone_teleop/share/drone_teleop/launch/pattern_launch.py
[1.174s] -- Installing: /home/el-system/ros2_teleop/install/drone_teleop/lib/drone_teleop/teleop_keyboard
[1.176s] -- Set runtime path of "/home/el-system/ros2_teleop/install/drone_teleop/lib/drone_teleop/teleop_keyboard" to ""
[1.176s] -- Up-to-date: /home/el-system/ros2_teleop/install/drone_teleop/share/ament_index/resource_index/package_run_dependencies/drone_teleop
[1.176s] -- Installing: /home/el-system/ros2_teleop/install/drone_teleop/share/ament_index/resource_index/parent_prefix_path/drone_teleop
[1.176s] -- Up-to-date: /home/el-system/ros2_teleop/install/drone_teleop/share/drone_teleop/environment/ament_prefix_path.sh
[1.176s] -- Installing: /home/el-system/ros2_teleop/install/drone_teleop/share/drone_teleop/environment/ament_prefix_path.dsv
[1.176s] -- Up-to-date: /home/el-system/ros2_teleop/install/drone_teleop/share/drone_teleop/environment/path.sh
[1.176s] -- Installing: /home/el-system/ros2_teleop/install/drone_teleop/share/drone_teleop/environment/path.dsv
[1.176s] -- Up-to-date: /home/el-system/ros2_teleop/install/drone_teleop/share/drone_teleop/local_setup.bash
[1.176s] -- Up-to-date: /home/el-system/ros2_teleop/install/drone_teleop/share/drone_teleop/local_setup.sh
[1.176s] -- Up-to-date: /home/el-system/ros2_teleop/install/drone_teleop/share/drone_teleop/local_setup.zsh
[1.176s] -- Installing: /home/el-system/ros2_teleop/install/drone_teleop/share/drone_teleop/local_setup.dsv
[1.176s] -- Installing: /home/el-system/ros2_teleop/install/drone_teleop/share/drone_teleop/package.dsv
[1.176s] -- Up-to-date: /home/el-system/ros2_teleop/install/drone_teleop/share/ament_index/resource_index/packages/drone_teleop
[1.176s] -- Up-to-date: /home/el-system/ros2_teleop/install/drone_teleop/share/drone_teleop/cmake/drone_teleopConfig.cmake
[1.177s] -- Up-to-date: /home/el-system/ros2_teleop/install/drone_teleop/share/drone_teleop/cmake/drone_teleopConfig-version.cmake
[1.177s] -- Up-to-date: /home/el-system/ros2_teleop/install/drone_teleop/share/drone_teleop/package.xml
[1.178s] Invoked command in '/home/el-system/ros2_teleop/build/drone_teleop' returned '0': CMAKE_PREFIX_PATH=${CMAKE_PREFIX_PATH}:/opt/ros/foxy /usr/bin/cmake --install /home/el-system/ros2_teleop/build/drone_teleop
