[0.009s] Invoking command in '/home/el-system/ros2_teleop/build/drone_teleop': CMAKE_PREFIX_PATH=${CMAKE_PREFIX_PATH}:/opt/ros/foxy /usr/bin/cmake --build /home/el-system/ros2_teleop/build/drone_teleop -- -j12 -l12
[0.037s] [35m[1mScanning dependencies of target teleop_keyboard[0m
[0.054s] [ 50%] [32mBuilding CXX object CMakeFiles/teleop_keyboard.dir/src/teleop_keyboard.cpp.o[0m
[5.112s] [100%] [32m[1mLinking CXX executable teleop_keyboard[0m
[5.340s] [100%] Built target teleop_keyboard
[5.351s] Invoked command in '/home/el-system/ros2_teleop/build/drone_teleop' returned '0': CMAKE_PREFIX_PATH=${CMAKE_PREFIX_PATH}:/opt/ros/foxy /usr/bin/cmake --build /home/el-system/ros2_teleop/build/drone_teleop -- -j12 -l12
[5.364s] Invoking command in '/home/el-system/ros2_teleop/build/drone_teleop': CMAKE_PREFIX_PATH=${CMAKE_PREFIX_PATH}:/opt/ros/foxy /usr/bin/cmake --install /home/el-system/ros2_teleop/build/drone_teleop
[5.370s] -- Install configuration: ""
[5.370s] -- Installing: /home/el-system/ros2_teleop/install/drone_teleop/lib/drone_teleop/teleop_keyboard
[5.372s] -- Set runtime path of "/home/el-system/ros2_teleop/install/drone_teleop/lib/drone_teleop/teleop_keyboard" to ""
[5.372s] -- Up-to-date: /home/el-system/ros2_teleop/install/drone_teleop/share/ament_index/resource_index/package_run_dependencies/drone_teleop
[5.372s] -- Up-to-date: /home/el-system/ros2_teleop/install/drone_teleop/share/ament_index/resource_index/parent_prefix_path/drone_teleop
[5.372s] -- Up-to-date: /home/el-system/ros2_teleop/install/drone_teleop/share/drone_teleop/environment/ament_prefix_path.sh
[5.372s] -- Up-to-date: /home/el-system/ros2_teleop/install/drone_teleop/share/drone_teleop/environment/ament_prefix_path.dsv
[5.372s] -- Up-to-date: /home/el-system/ros2_teleop/install/drone_teleop/share/drone_teleop/environment/path.sh
[5.372s] -- Up-to-date: /home/el-system/ros2_teleop/install/drone_teleop/share/drone_teleop/environment/path.dsv
[5.372s] -- Up-to-date: /home/el-system/ros2_teleop/install/drone_teleop/share/drone_teleop/local_setup.bash
[5.372s] -- Up-to-date: /home/el-system/ros2_teleop/install/drone_teleop/share/drone_teleop/local_setup.sh
[5.372s] -- Up-to-date: /home/el-system/ros2_teleop/install/drone_teleop/share/drone_teleop/local_setup.zsh
[5.372s] -- Up-to-date: /home/el-system/ros2_teleop/install/drone_teleop/share/drone_teleop/local_setup.dsv
[5.372s] -- Installing: /home/el-system/ros2_teleop/install/drone_teleop/share/drone_teleop/package.dsv
[5.372s] -- Up-to-date: /home/el-system/ros2_teleop/install/drone_teleop/share/ament_index/resource_index/packages/drone_teleop
[5.373s] -- Up-to-date: /home/el-system/ros2_teleop/install/drone_teleop/share/drone_teleop/cmake/drone_teleopConfig.cmake
[5.373s] -- Up-to-date: /home/el-system/ros2_teleop/install/drone_teleop/share/drone_teleop/cmake/drone_teleopConfig-version.cmake
[5.373s] -- Up-to-date: /home/el-system/ros2_teleop/install/drone_teleop/share/drone_teleop/package.xml
[5.374s] Invoked command in '/home/el-system/ros2_teleop/build/drone_teleop' returned '0': CMAKE_PREFIX_PATH=${CMAKE_PREFIX_PATH}:/opt/ros/foxy /usr/bin/cmake --install /home/el-system/ros2_teleop/build/drone_teleop
